<?xml version="1.0" encoding="UTF-8"?>
<testng-results ignored="0" total="1" passed="1" failed="0" skipped="0">
  <reporter-output>
  </reporter-output>
  <suite started-at="2022-12-18T06:46:01Z" name="Default suite" finished-at="2022-12-18T06:49:14Z" duration-ms="193124">
    <groups>
    </groups>
    <test started-at="2022-12-18T06:46:01Z" name="Default test" finished-at="2022-12-18T06:49:14Z" duration-ms="193124">
      <class name="com.HarinderKaur.SeleniumAssignment.ValidatePurchase">
        <test-method is-config="true" signature="setUp()[pri:0, instance:com.HarinderKaur.SeleniumAssignment.ValidatePurchase@7b205dbd]" started-at="2022-12-18T06:46:01Z" name="setUp" finished-at="2022-12-18T06:46:06Z" duration-ms="4571" status="PASS">
          <reporter-output>
          </reporter-output>
        </test-method> <!-- setUp -->
        <test-method signature="validatePurchase()[pri:0, instance:com.HarinderKaur.SeleniumAssignment.ValidatePurchase@7b205dbd]" started-at="2022-12-18T06:46:06Z" name="validatePurchase" finished-at="2022-12-18T06:49:14Z" duration-ms="188534" status="PASS">
          <reporter-output>
          </reporter-output>
        </test-method> <!-- validatePurchase -->
        <test-method is-config="true" signature="tearDown()[pri:0, instance:com.HarinderKaur.SeleniumAssignment.ValidatePurchase@7b205dbd]" started-at="2022-12-18T06:49:14Z" name="tearDown" finished-at="2022-12-18T06:49:14Z" duration-ms="1" status="PASS">
          <reporter-output>
          </reporter-output>
        </test-method> <!-- tearDown -->
      </class> <!-- com.HarinderKaur.SeleniumAssignment.ValidatePurchase -->
    </test> <!-- Default test -->
  </suite> <!-- Default suite -->
</testng-results>
